TN:
SF:src\index.ts
FN:4,get
FN:5,get
FN:6,get
FN:7,get
FN:8,get
FN:9,get
FN:10,get
FN:11,get
FN:12,get
FN:17,get
FN:18,get
FN:24,get
FN:25,get
FNF:13
FNH:3
FNDA:0,get
FNDA:0,get
FNDA:33,get
FNDA:0,get
FNDA:7,get
FNDA:0,get
FNDA:0,get
FNDA:0,get
FNDA:0,get
FNDA:0,get
FNDA:0,get
FNDA:0,get
FNDA:3,get
DA:1,1
DA:2,1
DA:3,1
DA:4,1
DA:5,1
DA:6,1
DA:7,1
DA:8,1
DA:9,1
DA:10,1
DA:11,1
DA:12,1
DA:13,1
DA:14,1
DA:15,1
DA:16,1
DA:17,1
DA:18,1
DA:19,1
DA:20,1
DA:21,1
DA:22,1
DA:23,1
DA:24,1
DA:25,1
LF:25
LH:25
BRDA:6,0,0,33
BRDA:8,1,0,7
BRDA:25,2,0,3
BRF:3
BRH:3
end_of_record
TN:
SF:src\Array\bfs.ts
FN:6,bfs
FNF:1
FNH:0
FNDA:0,bfs
DA:1,1
DA:2,1
DA:3,1
DA:4,1
DA:5,1
DA:6,1
DA:7,0
DA:8,0
DA:9,0
DA:10,0
DA:11,0
DA:12,0
DA:13,0
DA:14,0
DA:15,0
DA:16,0
DA:17,0
DA:18,0
DA:19,0
DA:20,0
DA:21,0
DA:22,0
DA:23,0
DA:24,0
DA:25,0
LF:25
LH:6
BRF:0
BRH:0
end_of_record
TN:
SF:src\Array\unique.ts
FN:10,unique
FNF:1
FNH:0
FNDA:0,unique
DA:1,1
DA:2,1
DA:3,1
DA:4,1
DA:5,1
DA:6,1
DA:7,1
DA:8,1
DA:9,1
DA:10,1
DA:11,0
DA:12,0
DA:13,0
DA:14,0
DA:15,0
DA:16,0
DA:17,0
DA:18,0
DA:19,0
DA:20,0
DA:21,0
DA:22,0
LF:22
LH:10
BRF:0
BRH:0
end_of_record
TN:
SF:src\Number\add.ts
FN:4,add
FNF:1
FNH:1
FNDA:13,add
DA:1,1
DA:2,1
DA:3,1
DA:4,1
DA:5,13
DA:6,1
DA:7,1
DA:8,1
DA:9,6
DA:10,6
DA:11,1
DA:12,13
DA:13,12
DA:14,12
DA:15,13
LF:15
LH:15
BRDA:4,0,0,13
BRDA:5,1,0,1
BRDA:6,2,0,0
BRDA:8,3,0,6
BRDA:12,4,0,12
BRF:5
BRH:4
end_of_record
TN:
SF:src\Number\calc.ts
FN:11,calc
FNF:1
FNH:1
FNDA:12,calc
DA:1,1
DA:2,1
DA:3,1
DA:4,1
DA:5,1
DA:6,1
DA:7,1
DA:8,1
DA:9,1
DA:10,1
DA:11,1
DA:12,12
DA:13,12
DA:14,12
DA:15,12
DA:16,12
DA:17,12
DA:18,12
DA:19,12
DA:20,12
DA:21,12
DA:22,12
DA:23,0
DA:24,0
DA:25,12
DA:26,12
DA:27,12
DA:28,12
LF:28
LH:26
BRDA:11,0,0,12
BRDA:12,1,0,0
BRDA:14,2,0,5
BRDA:14,3,0,7
BRDA:14,4,0,5
BRDA:15,5,0,7
BRDA:15,6,0,5
BRDA:15,7,0,7
BRDA:19,8,0,0
BRDA:22,9,0,0
BRF:10
BRH:7
end_of_record
TN:
SF:src\Number\div.ts
FN:4,div
FNF:1
FNH:0
FNDA:0,div
DA:1,1
DA:2,1
DA:3,1
DA:4,1
DA:5,0
DA:6,0
DA:7,0
DA:8,0
DA:9,0
DA:10,0
DA:11,0
DA:12,0
DA:13,0
DA:14,0
DA:15,0
DA:16,0
LF:16
LH:4
BRF:0
BRH:0
end_of_record
TN:
SF:src\Number\fmtNum.ts
FN:9,fmtNum
FNF:1
FNH:0
FNDA:0,fmtNum
DA:1,1
DA:2,1
DA:3,1
DA:4,1
DA:5,1
DA:6,1
DA:7,1
DA:8,1
DA:9,1
DA:10,0
DA:11,0
DA:12,0
DA:13,0
DA:14,0
DA:15,0
DA:16,0
DA:17,0
DA:18,0
DA:19,0
DA:20,0
DA:21,0
DA:22,0
DA:23,0
DA:24,0
DA:25,0
DA:26,0
DA:27,0
DA:28,0
DA:29,0
DA:30,0
DA:31,0
LF:31
LH:9
BRF:0
BRH:0
end_of_record
TN:
SF:src\Number\mul.ts
FN:5,mul
FNF:1
FNH:0
FNDA:0,mul
DA:1,1
DA:2,1
DA:3,1
DA:4,1
DA:5,1
DA:6,0
DA:7,0
DA:8,0
DA:9,0
DA:10,0
DA:11,0
LF:11
LH:5
BRF:0
BRH:0
end_of_record
TN:
SF:src\Number\num.ts
FN:3,Num
FN:8,round
FN:99,calc
FN:119,add
FN:131,sub
FN:143,mul
FN:156,div
FN:176,toValue
FN:183,num
FNF:9
FNH:0
FNDA:0,Num
FNDA:0,round
FNDA:0,calc
FNDA:0,add
FNDA:0,sub
FNDA:0,mul
FNDA:0,div
FNDA:0,toValue
FNDA:0,num
DA:1,1
DA:2,1
DA:3,1
DA:4,0
DA:5,0
DA:6,0
DA:7,1
DA:8,1
DA:9,0
DA:10,0
DA:11,0
DA:12,0
DA:13,0
DA:14,0
DA:15,0
DA:16,0
DA:17,0
DA:18,0
DA:19,0
DA:20,0
DA:21,0
DA:22,0
DA:23,0
DA:24,0
DA:25,0
DA:26,0
DA:27,0
DA:28,0
DA:29,0
DA:30,0
DA:31,0
DA:32,0
DA:33,0
DA:34,0
DA:35,0
DA:36,0
DA:37,0
DA:38,0
DA:39,0
DA:40,0
DA:41,0
DA:42,0
DA:43,0
DA:44,0
DA:45,0
DA:46,0
DA:47,0
DA:48,0
DA:49,0
DA:50,0
DA:51,0
DA:52,0
DA:53,0
DA:54,0
DA:55,0
DA:56,0
DA:57,0
DA:58,0
DA:59,0
DA:60,0
DA:61,0
DA:62,0
DA:63,0
DA:64,0
DA:65,0
DA:66,0
DA:67,0
DA:68,0
DA:69,0
DA:70,0
DA:71,0
DA:72,0
DA:73,0
DA:74,0
DA:75,0
DA:76,0
DA:77,0
DA:78,0
DA:79,0
DA:80,0
DA:81,0
DA:82,0
DA:83,0
DA:84,0
DA:85,0
DA:86,0
DA:87,0
DA:88,0
DA:89,0
DA:90,0
DA:91,0
DA:92,0
DA:93,0
DA:94,0
DA:95,0
DA:96,0
DA:97,1
DA:98,1
DA:99,1
DA:100,0
DA:101,0
DA:102,0
DA:103,0
DA:104,0
DA:105,0
DA:106,0
DA:107,0
DA:108,0
DA:109,0
DA:110,0
DA:111,0
DA:112,0
DA:113,0
DA:114,0
DA:115,0
DA:116,0
DA:117,1
DA:118,1
DA:119,1
DA:120,0
DA:121,0
DA:122,0
DA:123,0
DA:124,0
DA:125,0
DA:126,0
DA:127,0
DA:128,0
DA:129,1
DA:130,1
DA:131,1
DA:132,0
DA:133,0
DA:134,0
DA:135,0
DA:136,0
DA:137,0
DA:138,0
DA:139,0
DA:140,0
DA:141,1
DA:142,1
DA:143,1
DA:144,0
DA:145,0
DA:146,0
DA:147,0
DA:148,0
DA:149,0
DA:150,0
DA:151,0
DA:152,0
DA:153,0
DA:154,1
DA:155,1
DA:156,1
DA:157,0
DA:158,0
DA:159,0
DA:160,0
DA:161,0
DA:162,0
DA:163,0
DA:164,0
DA:165,0
DA:166,0
DA:167,0
DA:168,0
DA:169,0
DA:170,0
DA:171,0
DA:172,0
DA:173,0
DA:174,0
DA:175,1
DA:176,1
DA:177,0
DA:178,0
DA:179,1
DA:180,1
DA:181,1
DA:182,1
DA:183,1
DA:184,0
DA:185,0
LF:185
LH:27
BRF:0
BRH:0
end_of_record
TN:
SF:src\Number\round.ts
FN:10,round
FNF:1
FNH:1
FNDA:45,round
DA:1,1
DA:2,1
DA:3,1
DA:4,1
DA:5,1
DA:6,1
DA:7,1
DA:8,1
DA:9,1
DA:10,1
DA:11,45
DA:12,45
DA:13,45
DA:14,45
DA:15,45
DA:16,6
DA:17,6
DA:18,6
DA:19,6
DA:20,6
DA:21,4
DA:22,4
DA:23,4
DA:24,4
DA:25,4
DA:26,6
DA:27,6
DA:28,6
DA:29,2
DA:30,2
DA:31,2
DA:32,2
DA:33,2
DA:34,2
DA:35,1
DA:36,2
DA:37,0
DA:38,0
DA:39,6
DA:40,4
DA:41,4
DA:42,4
DA:43,4
DA:44,1
DA:45,1
DA:46,1
DA:47,1
DA:48,1
DA:49,1
DA:50,1
DA:51,1
DA:52,1
DA:53,1
DA:54,1
DA:55,1
DA:56,1
DA:57,4
DA:58,0
DA:59,0
DA:60,0
DA:61,4
DA:62,45
DA:63,39
DA:64,24
DA:65,24
DA:66,14
DA:67,14
DA:68,14
DA:69,16
DA:70,12
DA:71,12
DA:72,24
DA:73,39
DA:74,15
DA:75,15
DA:76,15
DA:77,39
DA:78,0
DA:79,0
LF:79
LH:72
BRDA:10,0,0,45
BRDA:15,1,0,6
BRDA:20,2,0,4
BRDA:28,3,0,2
BRDA:34,4,0,1
BRDA:36,5,0,0
BRDA:36,6,0,1
BRDA:37,7,0,0
BRDA:39,8,0,4
BRDA:43,9,0,3
BRDA:44,10,0,1
BRDA:57,11,0,0
BRDA:62,12,0,39
BRDA:63,13,0,24
BRDA:65,14,0,10
BRDA:66,15,0,16
BRDA:66,16,0,14
BRDA:69,17,0,2
BRDA:70,18,0,12
BRDA:72,19,0,3
BRDA:72,20,0,9
BRDA:73,21,0,15
BRDA:78,22,0,0
BRF:23
BRH:19
end_of_record
TN:
SF:src\Number\sub.ts
FN:4,sub
FNF:1
FNH:0
FNDA:0,sub
DA:1,1
DA:2,1
DA:3,1
DA:4,1
DA:5,0
DA:6,0
DA:7,0
DA:8,0
DA:9,0
DA:10,0
DA:11,0
DA:12,0
DA:13,0
DA:14,0
DA:15,0
LF:15
LH:4
BRF:0
BRH:0
end_of_record
TN:
SF:src\Number\sumBigNumber.ts
FN:7,sumBigNumber
FNF:1
FNH:0
FNDA:0,sumBigNumber
DA:1,1
DA:2,1
DA:3,1
DA:4,1
DA:5,1
DA:6,1
DA:7,1
DA:8,0
DA:9,0
DA:10,0
DA:11,0
DA:12,0
DA:13,0
DA:14,0
DA:15,0
DA:16,0
DA:17,0
DA:18,0
DA:19,0
LF:19
LH:7
BRF:0
BRH:0
end_of_record
TN:
SF:src\Object\deepClone.ts
FN:3,deepCloneFunction
FN:25,deepClone
FN:27,isType
FN:32,clone
FNF:4
FNH:4
FNDA:1,deepCloneFunction
FNDA:3,deepClone
FNDA:8,isType
FNDA:3,clone
DA:1,1
DA:2,1
DA:3,1
DA:4,1
DA:5,1
DA:6,0
DA:7,0
DA:8,1
DA:9,1
DA:10,1
DA:11,1
DA:12,1
DA:13,1
DA:14,1
DA:15,1
DA:16,1
DA:17,0
DA:18,0
DA:19,0
DA:20,0
DA:21,1
DA:22,1
DA:23,1
DA:24,1
DA:25,1
DA:26,3
DA:27,3
DA:28,3
DA:29,3
DA:30,3
DA:31,3
DA:32,3
DA:33,3
DA:34,3
DA:35,3
DA:36,3
DA:37,3
DA:38,3
DA:39,0
DA:40,0
DA:41,3
DA:42,2
DA:43,2
DA:44,2
DA:45,3
DA:46,0
DA:47,0
DA:48,1
DA:49,1
DA:50,1
DA:51,1
DA:52,1
DA:53,0
DA:54,0
DA:55,0
DA:56,0
DA:57,0
DA:58,3
DA:59,3
DA:60,3
DA:61,3
DA:62,0
DA:63,0
DA:64,0
DA:65,3
DA:66,3
DA:67,3
DA:68,3
DA:69,0
DA:70,0
DA:71,3
DA:72,3
DA:73,3
DA:74,3
DA:75,3
LF:75
LH:55
BRDA:3,0,0,1
BRDA:5,1,0,0
BRDA:16,2,0,0
BRDA:25,3,0,3
BRDA:27,4,0,8
BRDA:32,5,0,3
BRDA:33,6,0,0
BRDA:34,7,0,1
BRDA:34,8,0,0
BRDA:38,9,0,0
BRDA:41,10,0,2
BRDA:44,11,0,0
BRDA:45,12,0,1
BRDA:45,13,0,0
BRDA:52,14,0,0
BRDA:61,15,0,0
BRDA:68,16,0,0
BRF:17
BRH:7
end_of_record
TN:
SF:src\Object\pluckDeep.ts
FN:6,pluckDeep
FNF:1
FNH:0
FNDA:0,pluckDeep
DA:1,1
DA:2,1
DA:3,1
DA:4,1
DA:5,1
DA:6,1
DA:7,0
DA:8,0
DA:9,0
DA:10,0
DA:11,0
DA:12,0
LF:12
LH:6
BRF:0
BRH:0
end_of_record
